INFO:     Started server process [516456]
INFO:     Waiting for application startup.
INFO:     Application startup complete.
INFO:     Uvicorn running on http://0.0.0.0:7000 (Press CTRL+C to quit)
INFO:     127.0.0.1:48268 - "POST /api/v1/auth/login/access-token HTTP/1.1" 500 Internal Server Error
ERROR:    Exception in ASGI application
Traceback (most recent call last):
  File "/home/jpsantos/Projetos-dev/ibora-mobi/backend/.venv/lib/python3.11/site-packages/uvicorn/protocols/http/httptools_impl.py", line 419, in run_asgi
    result = await app(  # type: ignore[func-returns-value]
             ^^^^^^^^^^^^^^^^^^^^^^^^^^^^^^^^^^^^^^^^^^^^^^
  File "/home/jpsantos/Projetos-dev/ibora-mobi/backend/.venv/lib/python3.11/site-packages/uvicorn/middleware/proxy_headers.py", line 84, in __call__
    return await self.app(scope, receive, send)
           ^^^^^^^^^^^^^^^^^^^^^^^^^^^^^^^^^^^^
  File "/home/jpsantos/Projetos-dev/ibora-mobi/backend/.venv/lib/python3.11/site-packages/fastapi/applications.py", line 1054, in __call__
    await super().__call__(scope, receive, send)
  File "/home/jpsantos/Projetos-dev/ibora-mobi/backend/.venv/lib/python3.11/site-packages/starlette/applications.py", line 123, in __call__
    await self.middleware_stack(scope, receive, send)
  File "/home/jpsantos/Projetos-dev/ibora-mobi/backend/.venv/lib/python3.11/site-packages/starlette/middleware/errors.py", line 186, in __call__
    raise exc
  File "/home/jpsantos/Projetos-dev/ibora-mobi/backend/.venv/lib/python3.11/site-packages/starlette/middleware/errors.py", line 164, in __call__
    await self.app(scope, receive, _send)
  File "/home/jpsantos/Projetos-dev/ibora-mobi/backend/.venv/lib/python3.11/site-packages/starlette/middleware/cors.py", line 83, in __call__
    await self.app(scope, receive, send)
  File "/home/jpsantos/Projetos-dev/ibora-mobi/backend/.venv/lib/python3.11/site-packages/starlette/middleware/exceptions.py", line 62, in __call__
    await wrap_app_handling_exceptions(self.app, conn)(scope, receive, send)
  File "/home/jpsantos/Projetos-dev/ibora-mobi/backend/.venv/lib/python3.11/site-packages/starlette/_exception_handler.py", line 64, in wrapped_app
    raise exc
  File "/home/jpsantos/Projetos-dev/ibora-mobi/backend/.venv/lib/python3.11/site-packages/starlette/_exception_handler.py", line 53, in wrapped_app
    await app(scope, receive, sender)
  File "/home/jpsantos/Projetos-dev/ibora-mobi/backend/.venv/lib/python3.11/site-packages/starlette/routing.py", line 758, in __call__
    await self.middleware_stack(scope, receive, send)
  File "/home/jpsantos/Projetos-dev/ibora-mobi/backend/.venv/lib/python3.11/site-packages/starlette/routing.py", line 778, in app
    await route.handle(scope, receive, send)
  File "/home/jpsantos/Projetos-dev/ibora-mobi/backend/.venv/lib/python3.11/site-packages/starlette/routing.py", line 299, in handle
    await self.app(scope, receive, send)
  File "/home/jpsantos/Projetos-dev/ibora-mobi/backend/.venv/lib/python3.11/site-packages/starlette/routing.py", line 79, in app
    await wrap_app_handling_exceptions(app, request)(scope, receive, send)
  File "/home/jpsantos/Projetos-dev/ibora-mobi/backend/.venv/lib/python3.11/site-packages/starlette/_exception_handler.py", line 64, in wrapped_app
    raise exc
  File "/home/jpsantos/Projetos-dev/ibora-mobi/backend/.venv/lib/python3.11/site-packages/starlette/_exception_handler.py", line 53, in wrapped_app
    await app(scope, receive, sender)
  File "/home/jpsantos/Projetos-dev/ibora-mobi/backend/.venv/lib/python3.11/site-packages/starlette/routing.py", line 74, in app
    response = await func(request)
               ^^^^^^^^^^^^^^^^^^^
  File "/home/jpsantos/Projetos-dev/ibora-mobi/backend/.venv/lib/python3.11/site-packages/fastapi/routing.py", line 299, in app
    raise e
  File "/home/jpsantos/Projetos-dev/ibora-mobi/backend/.venv/lib/python3.11/site-packages/fastapi/routing.py", line 294, in app
    raw_response = await run_endpoint_function(
                   ^^^^^^^^^^^^^^^^^^^^^^^^^^^^
  File "/home/jpsantos/Projetos-dev/ibora-mobi/backend/.venv/lib/python3.11/site-packages/fastapi/routing.py", line 191, in run_endpoint_function
    return await dependant.call(**values)
           ^^^^^^^^^^^^^^^^^^^^^^^^^^^^^^
  File "/home/jpsantos/Projetos-dev/ibora-mobi/backend/app/api/v1/auth.py", line 62, in login_access_token
    user = await get_user_by_email(db, email=form_data.username)
           ^^^^^^^^^^^^^^^^^^^^^^^^^^^^^^^^^^^^^^^^^^^^^^^^^^^^^
  File "/home/jpsantos/Projetos-dev/ibora-mobi/backend/app/api/v1/auth.py", line 20, in get_user_by_email
    result = await db.execute(select(User).where(User.email == email))
             ^^^^^^^^^^^^^^^^^^^^^^^^^^^^^^^^^^^^^^^^^^^^^^^^^^^^^^^^^
  File "/home/jpsantos/Projetos-dev/ibora-mobi/backend/.venv/lib/python3.11/site-packages/sqlalchemy/ext/asyncio/session.py", line 449, in execute
    result = await greenlet_spawn(
             ^^^^^^^^^^^^^^^^^^^^^
  File "/home/jpsantos/Projetos-dev/ibora-mobi/backend/.venv/lib/python3.11/site-packages/sqlalchemy/util/_concurrency_py3k.py", line 201, in greenlet_spawn
    result = context.throw(*sys.exc_info())
             ^^^^^^^^^^^^^^^^^^^^^^^^^^^^^^
  File "/home/jpsantos/Projetos-dev/ibora-mobi/backend/.venv/lib/python3.11/site-packages/sqlalchemy/orm/session.py", line 2351, in execute
    return self._execute_internal(
           ^^^^^^^^^^^^^^^^^^^^^^^
  File "/home/jpsantos/Projetos-dev/ibora-mobi/backend/.venv/lib/python3.11/site-packages/sqlalchemy/orm/session.py", line 2239, in _execute_internal
    conn = self._connection_for_bind(bind)
           ^^^^^^^^^^^^^^^^^^^^^^^^^^^^^^^
  File "/home/jpsantos/Projetos-dev/ibora-mobi/backend/.venv/lib/python3.11/site-packages/sqlalchemy/orm/session.py", line 2108, in _connection_for_bind
    return trans._connection_for_bind(engine, execution_options)
           ^^^^^^^^^^^^^^^^^^^^^^^^^^^^^^^^^^^^^^^^^^^^^^^^^^^^^
  File "<string>", line 2, in _connection_for_bind
  File "/home/jpsantos/Projetos-dev/ibora-mobi/backend/.venv/lib/python3.11/site-packages/sqlalchemy/orm/state_changes.py", line 137, in _go
    ret_value = fn(self, *arg, **kw)
                ^^^^^^^^^^^^^^^^^^^^
  File "/home/jpsantos/Projetos-dev/ibora-mobi/backend/.venv/lib/python3.11/site-packages/sqlalchemy/orm/session.py", line 1187, in _connection_for_bind
    conn = bind.connect()
           ^^^^^^^^^^^^^^
  File "/home/jpsantos/Projetos-dev/ibora-mobi/backend/.venv/lib/python3.11/site-packages/sqlalchemy/engine/base.py", line 3285, in connect
    return self._connection_cls(self)
           ^^^^^^^^^^^^^^^^^^^^^^^^^^
  File "/home/jpsantos/Projetos-dev/ibora-mobi/backend/.venv/lib/python3.11/site-packages/sqlalchemy/engine/base.py", line 143, in __init__
    self._dbapi_connection = engine.raw_connection()
                             ^^^^^^^^^^^^^^^^^^^^^^^
  File "/home/jpsantos/Projetos-dev/ibora-mobi/backend/.venv/lib/python3.11/site-packages/sqlalchemy/engine/base.py", line 3309, in raw_connection
    return self.pool.connect()
           ^^^^^^^^^^^^^^^^^^^
  File "/home/jpsantos/Projetos-dev/ibora-mobi/backend/.venv/lib/python3.11/site-packages/sqlalchemy/pool/base.py", line 447, in connect
    return _ConnectionFairy._checkout(self)
           ^^^^^^^^^^^^^^^^^^^^^^^^^^^^^^^^
  File "/home/jpsantos/Projetos-dev/ibora-mobi/backend/.venv/lib/python3.11/site-packages/sqlalchemy/pool/base.py", line 1264, in _checkout
    fairy = _ConnectionRecord.checkout(pool)
            ^^^^^^^^^^^^^^^^^^^^^^^^^^^^^^^^
  File "/home/jpsantos/Projetos-dev/ibora-mobi/backend/.venv/lib/python3.11/site-packages/sqlalchemy/pool/base.py", line 711, in checkout
    rec = pool._do_get()
          ^^^^^^^^^^^^^^
  File "/home/jpsantos/Projetos-dev/ibora-mobi/backend/.venv/lib/python3.11/site-packages/sqlalchemy/pool/impl.py", line 177, in _do_get
    with util.safe_reraise():
  File "/home/jpsantos/Projetos-dev/ibora-mobi/backend/.venv/lib/python3.11/site-packages/sqlalchemy/util/langhelpers.py", line 224, in __exit__
    raise exc_value.with_traceback(exc_tb)
  File "/home/jpsantos/Projetos-dev/ibora-mobi/backend/.venv/lib/python3.11/site-packages/sqlalchemy/pool/impl.py", line 175, in _do_get
    return self._create_connection()
           ^^^^^^^^^^^^^^^^^^^^^^^^^
  File "/home/jpsantos/Projetos-dev/ibora-mobi/backend/.venv/lib/python3.11/site-packages/sqlalchemy/pool/base.py", line 388, in _create_connection
    return _ConnectionRecord(self)
           ^^^^^^^^^^^^^^^^^^^^^^^
  File "/home/jpsantos/Projetos-dev/ibora-mobi/backend/.venv/lib/python3.11/site-packages/sqlalchemy/pool/base.py", line 673, in __init__
    self.__connect()
  File "/home/jpsantos/Projetos-dev/ibora-mobi/backend/.venv/lib/python3.11/site-packages/sqlalchemy/pool/base.py", line 899, in __connect
    with util.safe_reraise():
  File "/home/jpsantos/Projetos-dev/ibora-mobi/backend/.venv/lib/python3.11/site-packages/sqlalchemy/util/langhelpers.py", line 224, in __exit__
    raise exc_value.with_traceback(exc_tb)
  File "/home/jpsantos/Projetos-dev/ibora-mobi/backend/.venv/lib/python3.11/site-packages/sqlalchemy/pool/base.py", line 895, in __connect
    self.dbapi_connection = connection = pool._invoke_creator(self)
                                         ^^^^^^^^^^^^^^^^^^^^^^^^^^
  File "/home/jpsantos/Projetos-dev/ibora-mobi/backend/.venv/lib/python3.11/site-packages/sqlalchemy/engine/create.py", line 661, in connect
    return dialect.connect(*cargs, **cparams)
           ^^^^^^^^^^^^^^^^^^^^^^^^^^^^^^^^^^
  File "/home/jpsantos/Projetos-dev/ibora-mobi/backend/.venv/lib/python3.11/site-packages/sqlalchemy/engine/default.py", line 630, in connect
    return self.loaded_dbapi.connect(*cargs, **cparams)  # type: ignore[no-any-return]  # NOQA: E501
           ^^^^^^^^^^^^^^^^^^^^^^^^^^^^^^^^^^^^^^^^^^^^
  File "/home/jpsantos/Projetos-dev/ibora-mobi/backend/.venv/lib/python3.11/site-packages/sqlalchemy/dialects/postgresql/asyncpg.py", line 955, in connect
    await_only(creator_fn(*arg, **kw)),
    ^^^^^^^^^^^^^^^^^^^^^^^^^^^^^^^^^^
  File "/home/jpsantos/Projetos-dev/ibora-mobi/backend/.venv/lib/python3.11/site-packages/sqlalchemy/util/_concurrency_py3k.py", line 132, in await_only
    return current.parent.switch(awaitable)  # type: ignore[no-any-return,attr-defined] # noqa: E501
           ^^^^^^^^^^^^^^^^^^^^^^^^^^^^^^^^
  File "/home/jpsantos/Projetos-dev/ibora-mobi/backend/.venv/lib/python3.11/site-packages/sqlalchemy/util/_concurrency_py3k.py", line 196, in greenlet_spawn
    value = await result
            ^^^^^^^^^^^^
  File "/home/jpsantos/Projetos-dev/ibora-mobi/backend/.venv/lib/python3.11/site-packages/asyncpg/connection.py", line 2329, in connect
    return await connect_utils._connect(
           ^^^^^^^^^^^^^^^^^^^^^^^^^^^^^
  File "/home/jpsantos/Projetos-dev/ibora-mobi/backend/.venv/lib/python3.11/site-packages/asyncpg/connect_utils.py", line 991, in _connect
    conn = await _connect_addr(
           ^^^^^^^^^^^^^^^^^^^^
  File "/home/jpsantos/Projetos-dev/ibora-mobi/backend/.venv/lib/python3.11/site-packages/asyncpg/connect_utils.py", line 828, in _connect_addr
    return await __connect_addr(params, True, *args)
           ^^^^^^^^^^^^^^^^^^^^^^^^^^^^^^^^^^^^^^^^^
  File "/home/jpsantos/Projetos-dev/ibora-mobi/backend/.venv/lib/python3.11/site-packages/asyncpg/connect_utils.py", line 876, in __connect_addr
    await connected
asyncpg.exceptions.InvalidPasswordError: password authentication failed for user "ibora"
INFO:     127.0.0.1:48272 - "POST /api/v1/auth/signup HTTP/1.1" 500 Internal Server Error
ERROR:    Exception in ASGI application
Traceback (most recent call last):
  File "/home/jpsantos/Projetos-dev/ibora-mobi/backend/.venv/lib/python3.11/site-packages/uvicorn/protocols/http/httptools_impl.py", line 419, in run_asgi
    result = await app(  # type: ignore[func-returns-value]
             ^^^^^^^^^^^^^^^^^^^^^^^^^^^^^^^^^^^^^^^^^^^^^^
  File "/home/jpsantos/Projetos-dev/ibora-mobi/backend/.venv/lib/python3.11/site-packages/uvicorn/middleware/proxy_headers.py", line 84, in __call__
    return await self.app(scope, receive, send)
           ^^^^^^^^^^^^^^^^^^^^^^^^^^^^^^^^^^^^
  File "/home/jpsantos/Projetos-dev/ibora-mobi/backend/.venv/lib/python3.11/site-packages/fastapi/applications.py", line 1054, in __call__
    await super().__call__(scope, receive, send)
  File "/home/jpsantos/Projetos-dev/ibora-mobi/backend/.venv/lib/python3.11/site-packages/starlette/applications.py", line 123, in __call__
    await self.middleware_stack(scope, receive, send)
  File "/home/jpsantos/Projetos-dev/ibora-mobi/backend/.venv/lib/python3.11/site-packages/starlette/middleware/errors.py", line 186, in __call__
    raise exc
  File "/home/jpsantos/Projetos-dev/ibora-mobi/backend/.venv/lib/python3.11/site-packages/starlette/middleware/errors.py", line 164, in __call__
    await self.app(scope, receive, _send)
  File "/home/jpsantos/Projetos-dev/ibora-mobi/backend/.venv/lib/python3.11/site-packages/starlette/middleware/cors.py", line 83, in __call__
    await self.app(scope, receive, send)
  File "/home/jpsantos/Projetos-dev/ibora-mobi/backend/.venv/lib/python3.11/site-packages/starlette/middleware/exceptions.py", line 62, in __call__
    await wrap_app_handling_exceptions(self.app, conn)(scope, receive, send)
  File "/home/jpsantos/Projetos-dev/ibora-mobi/backend/.venv/lib/python3.11/site-packages/starlette/_exception_handler.py", line 64, in wrapped_app
    raise exc
  File "/home/jpsantos/Projetos-dev/ibora-mobi/backend/.venv/lib/python3.11/site-packages/starlette/_exception_handler.py", line 53, in wrapped_app
    await app(scope, receive, sender)
  File "/home/jpsantos/Projetos-dev/ibora-mobi/backend/.venv/lib/python3.11/site-packages/starlette/routing.py", line 758, in __call__
    await self.middleware_stack(scope, receive, send)
  File "/home/jpsantos/Projetos-dev/ibora-mobi/backend/.venv/lib/python3.11/site-packages/starlette/routing.py", line 778, in app
    await route.handle(scope, receive, send)
  File "/home/jpsantos/Projetos-dev/ibora-mobi/backend/.venv/lib/python3.11/site-packages/starlette/routing.py", line 299, in handle
    await self.app(scope, receive, send)
  File "/home/jpsantos/Projetos-dev/ibora-mobi/backend/.venv/lib/python3.11/site-packages/starlette/routing.py", line 79, in app
    await wrap_app_handling_exceptions(app, request)(scope, receive, send)
  File "/home/jpsantos/Projetos-dev/ibora-mobi/backend/.venv/lib/python3.11/site-packages/starlette/_exception_handler.py", line 64, in wrapped_app
    raise exc
  File "/home/jpsantos/Projetos-dev/ibora-mobi/backend/.venv/lib/python3.11/site-packages/starlette/_exception_handler.py", line 53, in wrapped_app
    await app(scope, receive, sender)
  File "/home/jpsantos/Projetos-dev/ibora-mobi/backend/.venv/lib/python3.11/site-packages/starlette/routing.py", line 74, in app
    response = await func(request)
               ^^^^^^^^^^^^^^^^^^^
  File "/home/jpsantos/Projetos-dev/ibora-mobi/backend/.venv/lib/python3.11/site-packages/fastapi/routing.py", line 299, in app
    raise e
  File "/home/jpsantos/Projetos-dev/ibora-mobi/backend/.venv/lib/python3.11/site-packages/fastapi/routing.py", line 294, in app
    raw_response = await run_endpoint_function(
                   ^^^^^^^^^^^^^^^^^^^^^^^^^^^^
  File "/home/jpsantos/Projetos-dev/ibora-mobi/backend/.venv/lib/python3.11/site-packages/fastapi/routing.py", line 191, in run_endpoint_function
    return await dependant.call(**values)
           ^^^^^^^^^^^^^^^^^^^^^^^^^^^^^^
  File "/home/jpsantos/Projetos-dev/ibora-mobi/backend/app/api/v1/auth.py", line 44, in create_user_signup
    user = await get_user_by_email(db, email=user_in.email)
           ^^^^^^^^^^^^^^^^^^^^^^^^^^^^^^^^^^^^^^^^^^^^^^^^
  File "/home/jpsantos/Projetos-dev/ibora-mobi/backend/app/api/v1/auth.py", line 20, in get_user_by_email
    result = await db.execute(select(User).where(User.email == email))
             ^^^^^^^^^^^^^^^^^^^^^^^^^^^^^^^^^^^^^^^^^^^^^^^^^^^^^^^^^
  File "/home/jpsantos/Projetos-dev/ibora-mobi/backend/.venv/lib/python3.11/site-packages/sqlalchemy/ext/asyncio/session.py", line 449, in execute
    result = await greenlet_spawn(
             ^^^^^^^^^^^^^^^^^^^^^
  File "/home/jpsantos/Projetos-dev/ibora-mobi/backend/.venv/lib/python3.11/site-packages/sqlalchemy/util/_concurrency_py3k.py", line 201, in greenlet_spawn
    result = context.throw(*sys.exc_info())
             ^^^^^^^^^^^^^^^^^^^^^^^^^^^^^^
  File "/home/jpsantos/Projetos-dev/ibora-mobi/backend/.venv/lib/python3.11/site-packages/sqlalchemy/orm/session.py", line 2351, in execute
    return self._execute_internal(
           ^^^^^^^^^^^^^^^^^^^^^^^
  File "/home/jpsantos/Projetos-dev/ibora-mobi/backend/.venv/lib/python3.11/site-packages/sqlalchemy/orm/session.py", line 2239, in _execute_internal
    conn = self._connection_for_bind(bind)
           ^^^^^^^^^^^^^^^^^^^^^^^^^^^^^^^
  File "/home/jpsantos/Projetos-dev/ibora-mobi/backend/.venv/lib/python3.11/site-packages/sqlalchemy/orm/session.py", line 2108, in _connection_for_bind
    return trans._connection_for_bind(engine, execution_options)
           ^^^^^^^^^^^^^^^^^^^^^^^^^^^^^^^^^^^^^^^^^^^^^^^^^^^^^
  File "<string>", line 2, in _connection_for_bind
  File "/home/jpsantos/Projetos-dev/ibora-mobi/backend/.venv/lib/python3.11/site-packages/sqlalchemy/orm/state_changes.py", line 137, in _go
    ret_value = fn(self, *arg, **kw)
                ^^^^^^^^^^^^^^^^^^^^
  File "/home/jpsantos/Projetos-dev/ibora-mobi/backend/.venv/lib/python3.11/site-packages/sqlalchemy/orm/session.py", line 1187, in _connection_for_bind
    conn = bind.connect()
           ^^^^^^^^^^^^^^
  File "/home/jpsantos/Projetos-dev/ibora-mobi/backend/.venv/lib/python3.11/site-packages/sqlalchemy/engine/base.py", line 3285, in connect
    return self._connection_cls(self)
           ^^^^^^^^^^^^^^^^^^^^^^^^^^
  File "/home/jpsantos/Projetos-dev/ibora-mobi/backend/.venv/lib/python3.11/site-packages/sqlalchemy/engine/base.py", line 143, in __init__
    self._dbapi_connection = engine.raw_connection()
                             ^^^^^^^^^^^^^^^^^^^^^^^
  File "/home/jpsantos/Projetos-dev/ibora-mobi/backend/.venv/lib/python3.11/site-packages/sqlalchemy/engine/base.py", line 3309, in raw_connection
    return self.pool.connect()
           ^^^^^^^^^^^^^^^^^^^
  File "/home/jpsantos/Projetos-dev/ibora-mobi/backend/.venv/lib/python3.11/site-packages/sqlalchemy/pool/base.py", line 447, in connect
    return _ConnectionFairy._checkout(self)
           ^^^^^^^^^^^^^^^^^^^^^^^^^^^^^^^^
  File "/home/jpsantos/Projetos-dev/ibora-mobi/backend/.venv/lib/python3.11/site-packages/sqlalchemy/pool/base.py", line 1264, in _checkout
    fairy = _ConnectionRecord.checkout(pool)
            ^^^^^^^^^^^^^^^^^^^^^^^^^^^^^^^^
  File "/home/jpsantos/Projetos-dev/ibora-mobi/backend/.venv/lib/python3.11/site-packages/sqlalchemy/pool/base.py", line 711, in checkout
    rec = pool._do_get()
          ^^^^^^^^^^^^^^
  File "/home/jpsantos/Projetos-dev/ibora-mobi/backend/.venv/lib/python3.11/site-packages/sqlalchemy/pool/impl.py", line 177, in _do_get
    with util.safe_reraise():
  File "/home/jpsantos/Projetos-dev/ibora-mobi/backend/.venv/lib/python3.11/site-packages/sqlalchemy/util/langhelpers.py", line 224, in __exit__
    raise exc_value.with_traceback(exc_tb)
  File "/home/jpsantos/Projetos-dev/ibora-mobi/backend/.venv/lib/python3.11/site-packages/sqlalchemy/pool/impl.py", line 175, in _do_get
    return self._create_connection()
           ^^^^^^^^^^^^^^^^^^^^^^^^^
  File "/home/jpsantos/Projetos-dev/ibora-mobi/backend/.venv/lib/python3.11/site-packages/sqlalchemy/pool/base.py", line 388, in _create_connection
    return _ConnectionRecord(self)
           ^^^^^^^^^^^^^^^^^^^^^^^
  File "/home/jpsantos/Projetos-dev/ibora-mobi/backend/.venv/lib/python3.11/site-packages/sqlalchemy/pool/base.py", line 673, in __init__
    self.__connect()
  File "/home/jpsantos/Projetos-dev/ibora-mobi/backend/.venv/lib/python3.11/site-packages/sqlalchemy/pool/base.py", line 899, in __connect
    with util.safe_reraise():
  File "/home/jpsantos/Projetos-dev/ibora-mobi/backend/.venv/lib/python3.11/site-packages/sqlalchemy/util/langhelpers.py", line 224, in __exit__
    raise exc_value.with_traceback(exc_tb)
  File "/home/jpsantos/Projetos-dev/ibora-mobi/backend/.venv/lib/python3.11/site-packages/sqlalchemy/pool/base.py", line 895, in __connect
    self.dbapi_connection = connection = pool._invoke_creator(self)
                                         ^^^^^^^^^^^^^^^^^^^^^^^^^^
  File "/home/jpsantos/Projetos-dev/ibora-mobi/backend/.venv/lib/python3.11/site-packages/sqlalchemy/engine/create.py", line 661, in connect
    return dialect.connect(*cargs, **cparams)
           ^^^^^^^^^^^^^^^^^^^^^^^^^^^^^^^^^^
  File "/home/jpsantos/Projetos-dev/ibora-mobi/backend/.venv/lib/python3.11/site-packages/sqlalchemy/engine/default.py", line 630, in connect
    return self.loaded_dbapi.connect(*cargs, **cparams)  # type: ignore[no-any-return]  # NOQA: E501
           ^^^^^^^^^^^^^^^^^^^^^^^^^^^^^^^^^^^^^^^^^^^^
  File "/home/jpsantos/Projetos-dev/ibora-mobi/backend/.venv/lib/python3.11/site-packages/sqlalchemy/dialects/postgresql/asyncpg.py", line 955, in connect
    await_only(creator_fn(*arg, **kw)),
    ^^^^^^^^^^^^^^^^^^^^^^^^^^^^^^^^^^
  File "/home/jpsantos/Projetos-dev/ibora-mobi/backend/.venv/lib/python3.11/site-packages/sqlalchemy/util/_concurrency_py3k.py", line 132, in await_only
    return current.parent.switch(awaitable)  # type: ignore[no-any-return,attr-defined] # noqa: E501
           ^^^^^^^^^^^^^^^^^^^^^^^^^^^^^^^^
  File "/home/jpsantos/Projetos-dev/ibora-mobi/backend/.venv/lib/python3.11/site-packages/sqlalchemy/util/_concurrency_py3k.py", line 196, in greenlet_spawn
    value = await result
            ^^^^^^^^^^^^
  File "/home/jpsantos/Projetos-dev/ibora-mobi/backend/.venv/lib/python3.11/site-packages/asyncpg/connection.py", line 2329, in connect
    return await connect_utils._connect(
           ^^^^^^^^^^^^^^^^^^^^^^^^^^^^^
  File "/home/jpsantos/Projetos-dev/ibora-mobi/backend/.venv/lib/python3.11/site-packages/asyncpg/connect_utils.py", line 991, in _connect
    conn = await _connect_addr(
           ^^^^^^^^^^^^^^^^^^^^
  File "/home/jpsantos/Projetos-dev/ibora-mobi/backend/.venv/lib/python3.11/site-packages/asyncpg/connect_utils.py", line 828, in _connect_addr
    return await __connect_addr(params, True, *args)
           ^^^^^^^^^^^^^^^^^^^^^^^^^^^^^^^^^^^^^^^^^
  File "/home/jpsantos/Projetos-dev/ibora-mobi/backend/.venv/lib/python3.11/site-packages/asyncpg/connect_utils.py", line 876, in __connect_addr
    await connected
asyncpg.exceptions.InvalidPasswordError: password authentication failed for user "ibora"
INFO:     127.0.0.1:48286 - "POST /api/v1/auth/login/access-token HTTP/1.1" 500 Internal Server Error
ERROR:    Exception in ASGI application
Traceback (most recent call last):
  File "/home/jpsantos/Projetos-dev/ibora-mobi/backend/.venv/lib/python3.11/site-packages/uvicorn/protocols/http/httptools_impl.py", line 419, in run_asgi
    result = await app(  # type: ignore[func-returns-value]
             ^^^^^^^^^^^^^^^^^^^^^^^^^^^^^^^^^^^^^^^^^^^^^^
  File "/home/jpsantos/Projetos-dev/ibora-mobi/backend/.venv/lib/python3.11/site-packages/uvicorn/middleware/proxy_headers.py", line 84, in __call__
    return await self.app(scope, receive, send)
           ^^^^^^^^^^^^^^^^^^^^^^^^^^^^^^^^^^^^
  File "/home/jpsantos/Projetos-dev/ibora-mobi/backend/.venv/lib/python3.11/site-packages/fastapi/applications.py", line 1054, in __call__
    await super().__call__(scope, receive, send)
  File "/home/jpsantos/Projetos-dev/ibora-mobi/backend/.venv/lib/python3.11/site-packages/starlette/applications.py", line 123, in __call__
    await self.middleware_stack(scope, receive, send)
  File "/home/jpsantos/Projetos-dev/ibora-mobi/backend/.venv/lib/python3.11/site-packages/starlette/middleware/errors.py", line 186, in __call__
    raise exc
  File "/home/jpsantos/Projetos-dev/ibora-mobi/backend/.venv/lib/python3.11/site-packages/starlette/middleware/errors.py", line 164, in __call__
    await self.app(scope, receive, _send)
  File "/home/jpsantos/Projetos-dev/ibora-mobi/backend/.venv/lib/python3.11/site-packages/starlette/middleware/cors.py", line 83, in __call__
    await self.app(scope, receive, send)
  File "/home/jpsantos/Projetos-dev/ibora-mobi/backend/.venv/lib/python3.11/site-packages/starlette/middleware/exceptions.py", line 62, in __call__
    await wrap_app_handling_exceptions(self.app, conn)(scope, receive, send)
  File "/home/jpsantos/Projetos-dev/ibora-mobi/backend/.venv/lib/python3.11/site-packages/starlette/_exception_handler.py", line 64, in wrapped_app
    raise exc
  File "/home/jpsantos/Projetos-dev/ibora-mobi/backend/.venv/lib/python3.11/site-packages/starlette/_exception_handler.py", line 53, in wrapped_app
    await app(scope, receive, sender)
  File "/home/jpsantos/Projetos-dev/ibora-mobi/backend/.venv/lib/python3.11/site-packages/starlette/routing.py", line 758, in __call__
    await self.middleware_stack(scope, receive, send)
  File "/home/jpsantos/Projetos-dev/ibora-mobi/backend/.venv/lib/python3.11/site-packages/starlette/routing.py", line 778, in app
    await route.handle(scope, receive, send)
  File "/home/jpsantos/Projetos-dev/ibora-mobi/backend/.venv/lib/python3.11/site-packages/starlette/routing.py", line 299, in handle
    await self.app(scope, receive, send)
  File "/home/jpsantos/Projetos-dev/ibora-mobi/backend/.venv/lib/python3.11/site-packages/starlette/routing.py", line 79, in app
    await wrap_app_handling_exceptions(app, request)(scope, receive, send)
  File "/home/jpsantos/Projetos-dev/ibora-mobi/backend/.venv/lib/python3.11/site-packages/starlette/_exception_handler.py", line 64, in wrapped_app
    raise exc
  File "/home/jpsantos/Projetos-dev/ibora-mobi/backend/.venv/lib/python3.11/site-packages/starlette/_exception_handler.py", line 53, in wrapped_app
    await app(scope, receive, sender)
  File "/home/jpsantos/Projetos-dev/ibora-mobi/backend/.venv/lib/python3.11/site-packages/starlette/routing.py", line 74, in app
    response = await func(request)
               ^^^^^^^^^^^^^^^^^^^
  File "/home/jpsantos/Projetos-dev/ibora-mobi/backend/.venv/lib/python3.11/site-packages/fastapi/routing.py", line 299, in app
    raise e
  File "/home/jpsantos/Projetos-dev/ibora-mobi/backend/.venv/lib/python3.11/site-packages/fastapi/routing.py", line 294, in app
    raw_response = await run_endpoint_function(
                   ^^^^^^^^^^^^^^^^^^^^^^^^^^^^
  File "/home/jpsantos/Projetos-dev/ibora-mobi/backend/.venv/lib/python3.11/site-packages/fastapi/routing.py", line 191, in run_endpoint_function
    return await dependant.call(**values)
           ^^^^^^^^^^^^^^^^^^^^^^^^^^^^^^
  File "/home/jpsantos/Projetos-dev/ibora-mobi/backend/app/api/v1/auth.py", line 62, in login_access_token
    user = await get_user_by_email(db, email=form_data.username)
           ^^^^^^^^^^^^^^^^^^^^^^^^^^^^^^^^^^^^^^^^^^^^^^^^^^^^^
  File "/home/jpsantos/Projetos-dev/ibora-mobi/backend/app/api/v1/auth.py", line 20, in get_user_by_email
    result = await db.execute(select(User).where(User.email == email))
             ^^^^^^^^^^^^^^^^^^^^^^^^^^^^^^^^^^^^^^^^^^^^^^^^^^^^^^^^^
  File "/home/jpsantos/Projetos-dev/ibora-mobi/backend/.venv/lib/python3.11/site-packages/sqlalchemy/ext/asyncio/session.py", line 449, in execute
    result = await greenlet_spawn(
             ^^^^^^^^^^^^^^^^^^^^^
  File "/home/jpsantos/Projetos-dev/ibora-mobi/backend/.venv/lib/python3.11/site-packages/sqlalchemy/util/_concurrency_py3k.py", line 201, in greenlet_spawn
    result = context.throw(*sys.exc_info())
             ^^^^^^^^^^^^^^^^^^^^^^^^^^^^^^
  File "/home/jpsantos/Projetos-dev/ibora-mobi/backend/.venv/lib/python3.11/site-packages/sqlalchemy/orm/session.py", line 2351, in execute
    return self._execute_internal(
           ^^^^^^^^^^^^^^^^^^^^^^^
  File "/home/jpsantos/Projetos-dev/ibora-mobi/backend/.venv/lib/python3.11/site-packages/sqlalchemy/orm/session.py", line 2239, in _execute_internal
    conn = self._connection_for_bind(bind)
           ^^^^^^^^^^^^^^^^^^^^^^^^^^^^^^^
  File "/home/jpsantos/Projetos-dev/ibora-mobi/backend/.venv/lib/python3.11/site-packages/sqlalchemy/orm/session.py", line 2108, in _connection_for_bind
    return trans._connection_for_bind(engine, execution_options)
           ^^^^^^^^^^^^^^^^^^^^^^^^^^^^^^^^^^^^^^^^^^^^^^^^^^^^^
  File "<string>", line 2, in _connection_for_bind
  File "/home/jpsantos/Projetos-dev/ibora-mobi/backend/.venv/lib/python3.11/site-packages/sqlalchemy/orm/state_changes.py", line 137, in _go
    ret_value = fn(self, *arg, **kw)
                ^^^^^^^^^^^^^^^^^^^^
  File "/home/jpsantos/Projetos-dev/ibora-mobi/backend/.venv/lib/python3.11/site-packages/sqlalchemy/orm/session.py", line 1187, in _connection_for_bind
    conn = bind.connect()
           ^^^^^^^^^^^^^^
  File "/home/jpsantos/Projetos-dev/ibora-mobi/backend/.venv/lib/python3.11/site-packages/sqlalchemy/engine/base.py", line 3285, in connect
    return self._connection_cls(self)
           ^^^^^^^^^^^^^^^^^^^^^^^^^^
  File "/home/jpsantos/Projetos-dev/ibora-mobi/backend/.venv/lib/python3.11/site-packages/sqlalchemy/engine/base.py", line 143, in __init__
    self._dbapi_connection = engine.raw_connection()
                             ^^^^^^^^^^^^^^^^^^^^^^^
  File "/home/jpsantos/Projetos-dev/ibora-mobi/backend/.venv/lib/python3.11/site-packages/sqlalchemy/engine/base.py", line 3309, in raw_connection
    return self.pool.connect()
           ^^^^^^^^^^^^^^^^^^^
  File "/home/jpsantos/Projetos-dev/ibora-mobi/backend/.venv/lib/python3.11/site-packages/sqlalchemy/pool/base.py", line 447, in connect
    return _ConnectionFairy._checkout(self)
           ^^^^^^^^^^^^^^^^^^^^^^^^^^^^^^^^
  File "/home/jpsantos/Projetos-dev/ibora-mobi/backend/.venv/lib/python3.11/site-packages/sqlalchemy/pool/base.py", line 1264, in _checkout
    fairy = _ConnectionRecord.checkout(pool)
            ^^^^^^^^^^^^^^^^^^^^^^^^^^^^^^^^
  File "/home/jpsantos/Projetos-dev/ibora-mobi/backend/.venv/lib/python3.11/site-packages/sqlalchemy/pool/base.py", line 711, in checkout
    rec = pool._do_get()
          ^^^^^^^^^^^^^^
  File "/home/jpsantos/Projetos-dev/ibora-mobi/backend/.venv/lib/python3.11/site-packages/sqlalchemy/pool/impl.py", line 177, in _do_get
    with util.safe_reraise():
  File "/home/jpsantos/Projetos-dev/ibora-mobi/backend/.venv/lib/python3.11/site-packages/sqlalchemy/util/langhelpers.py", line 224, in __exit__
    raise exc_value.with_traceback(exc_tb)
  File "/home/jpsantos/Projetos-dev/ibora-mobi/backend/.venv/lib/python3.11/site-packages/sqlalchemy/pool/impl.py", line 175, in _do_get
    return self._create_connection()
           ^^^^^^^^^^^^^^^^^^^^^^^^^
  File "/home/jpsantos/Projetos-dev/ibora-mobi/backend/.venv/lib/python3.11/site-packages/sqlalchemy/pool/base.py", line 388, in _create_connection
    return _ConnectionRecord(self)
           ^^^^^^^^^^^^^^^^^^^^^^^
  File "/home/jpsantos/Projetos-dev/ibora-mobi/backend/.venv/lib/python3.11/site-packages/sqlalchemy/pool/base.py", line 673, in __init__
    self.__connect()
  File "/home/jpsantos/Projetos-dev/ibora-mobi/backend/.venv/lib/python3.11/site-packages/sqlalchemy/pool/base.py", line 899, in __connect
    with util.safe_reraise():
  File "/home/jpsantos/Projetos-dev/ibora-mobi/backend/.venv/lib/python3.11/site-packages/sqlalchemy/util/langhelpers.py", line 224, in __exit__
    raise exc_value.with_traceback(exc_tb)
  File "/home/jpsantos/Projetos-dev/ibora-mobi/backend/.venv/lib/python3.11/site-packages/sqlalchemy/pool/base.py", line 895, in __connect
    self.dbapi_connection = connection = pool._invoke_creator(self)
                                         ^^^^^^^^^^^^^^^^^^^^^^^^^^
  File "/home/jpsantos/Projetos-dev/ibora-mobi/backend/.venv/lib/python3.11/site-packages/sqlalchemy/engine/create.py", line 661, in connect
    return dialect.connect(*cargs, **cparams)
           ^^^^^^^^^^^^^^^^^^^^^^^^^^^^^^^^^^
  File "/home/jpsantos/Projetos-dev/ibora-mobi/backend/.venv/lib/python3.11/site-packages/sqlalchemy/engine/default.py", line 630, in connect
    return self.loaded_dbapi.connect(*cargs, **cparams)  # type: ignore[no-any-return]  # NOQA: E501
           ^^^^^^^^^^^^^^^^^^^^^^^^^^^^^^^^^^^^^^^^^^^^
  File "/home/jpsantos/Projetos-dev/ibora-mobi/backend/.venv/lib/python3.11/site-packages/sqlalchemy/dialects/postgresql/asyncpg.py", line 955, in connect
    await_only(creator_fn(*arg, **kw)),
    ^^^^^^^^^^^^^^^^^^^^^^^^^^^^^^^^^^
  File "/home/jpsantos/Projetos-dev/ibora-mobi/backend/.venv/lib/python3.11/site-packages/sqlalchemy/util/_concurrency_py3k.py", line 132, in await_only
    return current.parent.switch(awaitable)  # type: ignore[no-any-return,attr-defined] # noqa: E501
           ^^^^^^^^^^^^^^^^^^^^^^^^^^^^^^^^
  File "/home/jpsantos/Projetos-dev/ibora-mobi/backend/.venv/lib/python3.11/site-packages/sqlalchemy/util/_concurrency_py3k.py", line 196, in greenlet_spawn
    value = await result
            ^^^^^^^^^^^^
  File "/home/jpsantos/Projetos-dev/ibora-mobi/backend/.venv/lib/python3.11/site-packages/asyncpg/connection.py", line 2329, in connect
    return await connect_utils._connect(
           ^^^^^^^^^^^^^^^^^^^^^^^^^^^^^
  File "/home/jpsantos/Projetos-dev/ibora-mobi/backend/.venv/lib/python3.11/site-packages/asyncpg/connect_utils.py", line 991, in _connect
    conn = await _connect_addr(
           ^^^^^^^^^^^^^^^^^^^^
  File "/home/jpsantos/Projetos-dev/ibora-mobi/backend/.venv/lib/python3.11/site-packages/asyncpg/connect_utils.py", line 828, in _connect_addr
    return await __connect_addr(params, True, *args)
           ^^^^^^^^^^^^^^^^^^^^^^^^^^^^^^^^^^^^^^^^^
  File "/home/jpsantos/Projetos-dev/ibora-mobi/backend/.venv/lib/python3.11/site-packages/asyncpg/connect_utils.py", line 876, in __connect_addr
    await connected
asyncpg.exceptions.InvalidPasswordError: password authentication failed for user "ibora"
INFO:     127.0.0.1:48300 - "POST /api/v1/auth/signup HTTP/1.1" 500 Internal Server Error
ERROR:    Exception in ASGI application
Traceback (most recent call last):
  File "/home/jpsantos/Projetos-dev/ibora-mobi/backend/.venv/lib/python3.11/site-packages/uvicorn/protocols/http/httptools_impl.py", line 419, in run_asgi
    result = await app(  # type: ignore[func-returns-value]
             ^^^^^^^^^^^^^^^^^^^^^^^^^^^^^^^^^^^^^^^^^^^^^^
  File "/home/jpsantos/Projetos-dev/ibora-mobi/backend/.venv/lib/python3.11/site-packages/uvicorn/middleware/proxy_headers.py", line 84, in __call__
    return await self.app(scope, receive, send)
           ^^^^^^^^^^^^^^^^^^^^^^^^^^^^^^^^^^^^
  File "/home/jpsantos/Projetos-dev/ibora-mobi/backend/.venv/lib/python3.11/site-packages/fastapi/applications.py", line 1054, in __call__
    await super().__call__(scope, receive, send)
  File "/home/jpsantos/Projetos-dev/ibora-mobi/backend/.venv/lib/python3.11/site-packages/starlette/applications.py", line 123, in __call__
    await self.middleware_stack(scope, receive, send)
  File "/home/jpsantos/Projetos-dev/ibora-mobi/backend/.venv/lib/python3.11/site-packages/starlette/middleware/errors.py", line 186, in __call__
    raise exc
  File "/home/jpsantos/Projetos-dev/ibora-mobi/backend/.venv/lib/python3.11/site-packages/starlette/middleware/errors.py", line 164, in __call__
    await self.app(scope, receive, _send)
  File "/home/jpsantos/Projetos-dev/ibora-mobi/backend/.venv/lib/python3.11/site-packages/starlette/middleware/cors.py", line 83, in __call__
    await self.app(scope, receive, send)
  File "/home/jpsantos/Projetos-dev/ibora-mobi/backend/.venv/lib/python3.11/site-packages/starlette/middleware/exceptions.py", line 62, in __call__
    await wrap_app_handling_exceptions(self.app, conn)(scope, receive, send)
  File "/home/jpsantos/Projetos-dev/ibora-mobi/backend/.venv/lib/python3.11/site-packages/starlette/_exception_handler.py", line 64, in wrapped_app
    raise exc
  File "/home/jpsantos/Projetos-dev/ibora-mobi/backend/.venv/lib/python3.11/site-packages/starlette/_exception_handler.py", line 53, in wrapped_app
    await app(scope, receive, sender)
  File "/home/jpsantos/Projetos-dev/ibora-mobi/backend/.venv/lib/python3.11/site-packages/starlette/routing.py", line 758, in __call__
    await self.middleware_stack(scope, receive, send)
  File "/home/jpsantos/Projetos-dev/ibora-mobi/backend/.venv/lib/python3.11/site-packages/starlette/routing.py", line 778, in app
    await route.handle(scope, receive, send)
  File "/home/jpsantos/Projetos-dev/ibora-mobi/backend/.venv/lib/python3.11/site-packages/starlette/routing.py", line 299, in handle
    await self.app(scope, receive, send)
  File "/home/jpsantos/Projetos-dev/ibora-mobi/backend/.venv/lib/python3.11/site-packages/starlette/routing.py", line 79, in app
    await wrap_app_handling_exceptions(app, request)(scope, receive, send)
  File "/home/jpsantos/Projetos-dev/ibora-mobi/backend/.venv/lib/python3.11/site-packages/starlette/_exception_handler.py", line 64, in wrapped_app
    raise exc
  File "/home/jpsantos/Projetos-dev/ibora-mobi/backend/.venv/lib/python3.11/site-packages/starlette/_exception_handler.py", line 53, in wrapped_app
    await app(scope, receive, sender)
  File "/home/jpsantos/Projetos-dev/ibora-mobi/backend/.venv/lib/python3.11/site-packages/starlette/routing.py", line 74, in app
    response = await func(request)
               ^^^^^^^^^^^^^^^^^^^
  File "/home/jpsantos/Projetos-dev/ibora-mobi/backend/.venv/lib/python3.11/site-packages/fastapi/routing.py", line 299, in app
    raise e
  File "/home/jpsantos/Projetos-dev/ibora-mobi/backend/.venv/lib/python3.11/site-packages/fastapi/routing.py", line 294, in app
    raw_response = await run_endpoint_function(
                   ^^^^^^^^^^^^^^^^^^^^^^^^^^^^
  File "/home/jpsantos/Projetos-dev/ibora-mobi/backend/.venv/lib/python3.11/site-packages/fastapi/routing.py", line 191, in run_endpoint_function
    return await dependant.call(**values)
           ^^^^^^^^^^^^^^^^^^^^^^^^^^^^^^
  File "/home/jpsantos/Projetos-dev/ibora-mobi/backend/app/api/v1/auth.py", line 44, in create_user_signup
    user = await get_user_by_email(db, email=user_in.email)
           ^^^^^^^^^^^^^^^^^^^^^^^^^^^^^^^^^^^^^^^^^^^^^^^^
  File "/home/jpsantos/Projetos-dev/ibora-mobi/backend/app/api/v1/auth.py", line 20, in get_user_by_email
    result = await db.execute(select(User).where(User.email == email))
             ^^^^^^^^^^^^^^^^^^^^^^^^^^^^^^^^^^^^^^^^^^^^^^^^^^^^^^^^^
  File "/home/jpsantos/Projetos-dev/ibora-mobi/backend/.venv/lib/python3.11/site-packages/sqlalchemy/ext/asyncio/session.py", line 449, in execute
    result = await greenlet_spawn(
             ^^^^^^^^^^^^^^^^^^^^^
  File "/home/jpsantos/Projetos-dev/ibora-mobi/backend/.venv/lib/python3.11/site-packages/sqlalchemy/util/_concurrency_py3k.py", line 201, in greenlet_spawn
    result = context.throw(*sys.exc_info())
             ^^^^^^^^^^^^^^^^^^^^^^^^^^^^^^
  File "/home/jpsantos/Projetos-dev/ibora-mobi/backend/.venv/lib/python3.11/site-packages/sqlalchemy/orm/session.py", line 2351, in execute
    return self._execute_internal(
           ^^^^^^^^^^^^^^^^^^^^^^^
  File "/home/jpsantos/Projetos-dev/ibora-mobi/backend/.venv/lib/python3.11/site-packages/sqlalchemy/orm/session.py", line 2239, in _execute_internal
    conn = self._connection_for_bind(bind)
           ^^^^^^^^^^^^^^^^^^^^^^^^^^^^^^^
  File "/home/jpsantos/Projetos-dev/ibora-mobi/backend/.venv/lib/python3.11/site-packages/sqlalchemy/orm/session.py", line 2108, in _connection_for_bind
    return trans._connection_for_bind(engine, execution_options)
           ^^^^^^^^^^^^^^^^^^^^^^^^^^^^^^^^^^^^^^^^^^^^^^^^^^^^^
  File "<string>", line 2, in _connection_for_bind
  File "/home/jpsantos/Projetos-dev/ibora-mobi/backend/.venv/lib/python3.11/site-packages/sqlalchemy/orm/state_changes.py", line 137, in _go
    ret_value = fn(self, *arg, **kw)
                ^^^^^^^^^^^^^^^^^^^^
  File "/home/jpsantos/Projetos-dev/ibora-mobi/backend/.venv/lib/python3.11/site-packages/sqlalchemy/orm/session.py", line 1187, in _connection_for_bind
    conn = bind.connect()
           ^^^^^^^^^^^^^^
  File "/home/jpsantos/Projetos-dev/ibora-mobi/backend/.venv/lib/python3.11/site-packages/sqlalchemy/engine/base.py", line 3285, in connect
    return self._connection_cls(self)
           ^^^^^^^^^^^^^^^^^^^^^^^^^^
  File "/home/jpsantos/Projetos-dev/ibora-mobi/backend/.venv/lib/python3.11/site-packages/sqlalchemy/engine/base.py", line 143, in __init__
    self._dbapi_connection = engine.raw_connection()
                             ^^^^^^^^^^^^^^^^^^^^^^^
  File "/home/jpsantos/Projetos-dev/ibora-mobi/backend/.venv/lib/python3.11/site-packages/sqlalchemy/engine/base.py", line 3309, in raw_connection
    return self.pool.connect()
           ^^^^^^^^^^^^^^^^^^^
  File "/home/jpsantos/Projetos-dev/ibora-mobi/backend/.venv/lib/python3.11/site-packages/sqlalchemy/pool/base.py", line 447, in connect
    return _ConnectionFairy._checkout(self)
           ^^^^^^^^^^^^^^^^^^^^^^^^^^^^^^^^
  File "/home/jpsantos/Projetos-dev/ibora-mobi/backend/.venv/lib/python3.11/site-packages/sqlalchemy/pool/base.py", line 1264, in _checkout
    fairy = _ConnectionRecord.checkout(pool)
            ^^^^^^^^^^^^^^^^^^^^^^^^^^^^^^^^
  File "/home/jpsantos/Projetos-dev/ibora-mobi/backend/.venv/lib/python3.11/site-packages/sqlalchemy/pool/base.py", line 711, in checkout
    rec = pool._do_get()
          ^^^^^^^^^^^^^^
  File "/home/jpsantos/Projetos-dev/ibora-mobi/backend/.venv/lib/python3.11/site-packages/sqlalchemy/pool/impl.py", line 177, in _do_get
    with util.safe_reraise():
  File "/home/jpsantos/Projetos-dev/ibora-mobi/backend/.venv/lib/python3.11/site-packages/sqlalchemy/util/langhelpers.py", line 224, in __exit__
    raise exc_value.with_traceback(exc_tb)
  File "/home/jpsantos/Projetos-dev/ibora-mobi/backend/.venv/lib/python3.11/site-packages/sqlalchemy/pool/impl.py", line 175, in _do_get
    return self._create_connection()
           ^^^^^^^^^^^^^^^^^^^^^^^^^
  File "/home/jpsantos/Projetos-dev/ibora-mobi/backend/.venv/lib/python3.11/site-packages/sqlalchemy/pool/base.py", line 388, in _create_connection
    return _ConnectionRecord(self)
           ^^^^^^^^^^^^^^^^^^^^^^^
  File "/home/jpsantos/Projetos-dev/ibora-mobi/backend/.venv/lib/python3.11/site-packages/sqlalchemy/pool/base.py", line 673, in __init__
    self.__connect()
  File "/home/jpsantos/Projetos-dev/ibora-mobi/backend/.venv/lib/python3.11/site-packages/sqlalchemy/pool/base.py", line 899, in __connect
    with util.safe_reraise():
  File "/home/jpsantos/Projetos-dev/ibora-mobi/backend/.venv/lib/python3.11/site-packages/sqlalchemy/util/langhelpers.py", line 224, in __exit__
    raise exc_value.with_traceback(exc_tb)
  File "/home/jpsantos/Projetos-dev/ibora-mobi/backend/.venv/lib/python3.11/site-packages/sqlalchemy/pool/base.py", line 895, in __connect
    self.dbapi_connection = connection = pool._invoke_creator(self)
                                         ^^^^^^^^^^^^^^^^^^^^^^^^^^
  File "/home/jpsantos/Projetos-dev/ibora-mobi/backend/.venv/lib/python3.11/site-packages/sqlalchemy/engine/create.py", line 661, in connect
    return dialect.connect(*cargs, **cparams)
           ^^^^^^^^^^^^^^^^^^^^^^^^^^^^^^^^^^
  File "/home/jpsantos/Projetos-dev/ibora-mobi/backend/.venv/lib/python3.11/site-packages/sqlalchemy/engine/default.py", line 630, in connect
    return self.loaded_dbapi.connect(*cargs, **cparams)  # type: ignore[no-any-return]  # NOQA: E501
           ^^^^^^^^^^^^^^^^^^^^^^^^^^^^^^^^^^^^^^^^^^^^
  File "/home/jpsantos/Projetos-dev/ibora-mobi/backend/.venv/lib/python3.11/site-packages/sqlalchemy/dialects/postgresql/asyncpg.py", line 955, in connect
    await_only(creator_fn(*arg, **kw)),
    ^^^^^^^^^^^^^^^^^^^^^^^^^^^^^^^^^^
  File "/home/jpsantos/Projetos-dev/ibora-mobi/backend/.venv/lib/python3.11/site-packages/sqlalchemy/util/_concurrency_py3k.py", line 132, in await_only
    return current.parent.switch(awaitable)  # type: ignore[no-any-return,attr-defined] # noqa: E501
           ^^^^^^^^^^^^^^^^^^^^^^^^^^^^^^^^
  File "/home/jpsantos/Projetos-dev/ibora-mobi/backend/.venv/lib/python3.11/site-packages/sqlalchemy/util/_concurrency_py3k.py", line 196, in greenlet_spawn
    value = await result
            ^^^^^^^^^^^^
  File "/home/jpsantos/Projetos-dev/ibora-mobi/backend/.venv/lib/python3.11/site-packages/asyncpg/connection.py", line 2329, in connect
    return await connect_utils._connect(
           ^^^^^^^^^^^^^^^^^^^^^^^^^^^^^
  File "/home/jpsantos/Projetos-dev/ibora-mobi/backend/.venv/lib/python3.11/site-packages/asyncpg/connect_utils.py", line 991, in _connect
    conn = await _connect_addr(
           ^^^^^^^^^^^^^^^^^^^^
  File "/home/jpsantos/Projetos-dev/ibora-mobi/backend/.venv/lib/python3.11/site-packages/asyncpg/connect_utils.py", line 828, in _connect_addr
    return await __connect_addr(params, True, *args)
           ^^^^^^^^^^^^^^^^^^^^^^^^^^^^^^^^^^^^^^^^^
  File "/home/jpsantos/Projetos-dev/ibora-mobi/backend/.venv/lib/python3.11/site-packages/asyncpg/connect_utils.py", line 876, in __connect_addr
    await connected
asyncpg.exceptions.InvalidPasswordError: password authentication failed for user "ibora"
INFO:     127.0.0.1:37904 - "POST /api/v1/auth/login/access-token HTTP/1.1" 500 Internal Server Error
ERROR:    Exception in ASGI application
Traceback (most recent call last):
  File "/home/jpsantos/Projetos-dev/ibora-mobi/backend/.venv/lib/python3.11/site-packages/uvicorn/protocols/http/httptools_impl.py", line 419, in run_asgi
    result = await app(  # type: ignore[func-returns-value]
             ^^^^^^^^^^^^^^^^^^^^^^^^^^^^^^^^^^^^^^^^^^^^^^
  File "/home/jpsantos/Projetos-dev/ibora-mobi/backend/.venv/lib/python3.11/site-packages/uvicorn/middleware/proxy_headers.py", line 84, in __call__
    return await self.app(scope, receive, send)
           ^^^^^^^^^^^^^^^^^^^^^^^^^^^^^^^^^^^^
  File "/home/jpsantos/Projetos-dev/ibora-mobi/backend/.venv/lib/python3.11/site-packages/fastapi/applications.py", line 1054, in __call__
    await super().__call__(scope, receive, send)
  File "/home/jpsantos/Projetos-dev/ibora-mobi/backend/.venv/lib/python3.11/site-packages/starlette/applications.py", line 123, in __call__
    await self.middleware_stack(scope, receive, send)
  File "/home/jpsantos/Projetos-dev/ibora-mobi/backend/.venv/lib/python3.11/site-packages/starlette/middleware/errors.py", line 186, in __call__
    raise exc
  File "/home/jpsantos/Projetos-dev/ibora-mobi/backend/.venv/lib/python3.11/site-packages/starlette/middleware/errors.py", line 164, in __call__
    await self.app(scope, receive, _send)
  File "/home/jpsantos/Projetos-dev/ibora-mobi/backend/.venv/lib/python3.11/site-packages/starlette/middleware/cors.py", line 83, in __call__
    await self.app(scope, receive, send)
  File "/home/jpsantos/Projetos-dev/ibora-mobi/backend/.venv/lib/python3.11/site-packages/starlette/middleware/exceptions.py", line 62, in __call__
    await wrap_app_handling_exceptions(self.app, conn)(scope, receive, send)
  File "/home/jpsantos/Projetos-dev/ibora-mobi/backend/.venv/lib/python3.11/site-packages/starlette/_exception_handler.py", line 64, in wrapped_app
    raise exc
  File "/home/jpsantos/Projetos-dev/ibora-mobi/backend/.venv/lib/python3.11/site-packages/starlette/_exception_handler.py", line 53, in wrapped_app
    await app(scope, receive, sender)
  File "/home/jpsantos/Projetos-dev/ibora-mobi/backend/.venv/lib/python3.11/site-packages/starlette/routing.py", line 758, in __call__
    await self.middleware_stack(scope, receive, send)
  File "/home/jpsantos/Projetos-dev/ibora-mobi/backend/.venv/lib/python3.11/site-packages/starlette/routing.py", line 778, in app
    await route.handle(scope, receive, send)
  File "/home/jpsantos/Projetos-dev/ibora-mobi/backend/.venv/lib/python3.11/site-packages/starlette/routing.py", line 299, in handle
    await self.app(scope, receive, send)
  File "/home/jpsantos/Projetos-dev/ibora-mobi/backend/.venv/lib/python3.11/site-packages/starlette/routing.py", line 79, in app
    await wrap_app_handling_exceptions(app, request)(scope, receive, send)
  File "/home/jpsantos/Projetos-dev/ibora-mobi/backend/.venv/lib/python3.11/site-packages/starlette/_exception_handler.py", line 64, in wrapped_app
    raise exc
  File "/home/jpsantos/Projetos-dev/ibora-mobi/backend/.venv/lib/python3.11/site-packages/starlette/_exception_handler.py", line 53, in wrapped_app
    await app(scope, receive, sender)
  File "/home/jpsantos/Projetos-dev/ibora-mobi/backend/.venv/lib/python3.11/site-packages/starlette/routing.py", line 74, in app
    response = await func(request)
               ^^^^^^^^^^^^^^^^^^^
  File "/home/jpsantos/Projetos-dev/ibora-mobi/backend/.venv/lib/python3.11/site-packages/fastapi/routing.py", line 299, in app
    raise e
  File "/home/jpsantos/Projetos-dev/ibora-mobi/backend/.venv/lib/python3.11/site-packages/fastapi/routing.py", line 294, in app
    raw_response = await run_endpoint_function(
                   ^^^^^^^^^^^^^^^^^^^^^^^^^^^^
  File "/home/jpsantos/Projetos-dev/ibora-mobi/backend/.venv/lib/python3.11/site-packages/fastapi/routing.py", line 191, in run_endpoint_function
    return await dependant.call(**values)
           ^^^^^^^^^^^^^^^^^^^^^^^^^^^^^^
  File "/home/jpsantos/Projetos-dev/ibora-mobi/backend/app/api/v1/auth.py", line 62, in login_access_token
    user = await get_user_by_email(db, email=form_data.username)
           ^^^^^^^^^^^^^^^^^^^^^^^^^^^^^^^^^^^^^^^^^^^^^^^^^^^^^
  File "/home/jpsantos/Projetos-dev/ibora-mobi/backend/app/api/v1/auth.py", line 20, in get_user_by_email
    result = await db.execute(select(User).where(User.email == email))
             ^^^^^^^^^^^^^^^^^^^^^^^^^^^^^^^^^^^^^^^^^^^^^^^^^^^^^^^^^
  File "/home/jpsantos/Projetos-dev/ibora-mobi/backend/.venv/lib/python3.11/site-packages/sqlalchemy/ext/asyncio/session.py", line 449, in execute
    result = await greenlet_spawn(
             ^^^^^^^^^^^^^^^^^^^^^
  File "/home/jpsantos/Projetos-dev/ibora-mobi/backend/.venv/lib/python3.11/site-packages/sqlalchemy/util/_concurrency_py3k.py", line 201, in greenlet_spawn
    result = context.throw(*sys.exc_info())
             ^^^^^^^^^^^^^^^^^^^^^^^^^^^^^^
  File "/home/jpsantos/Projetos-dev/ibora-mobi/backend/.venv/lib/python3.11/site-packages/sqlalchemy/orm/session.py", line 2351, in execute
    return self._execute_internal(
           ^^^^^^^^^^^^^^^^^^^^^^^
  File "/home/jpsantos/Projetos-dev/ibora-mobi/backend/.venv/lib/python3.11/site-packages/sqlalchemy/orm/session.py", line 2239, in _execute_internal
    conn = self._connection_for_bind(bind)
           ^^^^^^^^^^^^^^^^^^^^^^^^^^^^^^^
  File "/home/jpsantos/Projetos-dev/ibora-mobi/backend/.venv/lib/python3.11/site-packages/sqlalchemy/orm/session.py", line 2108, in _connection_for_bind
    return trans._connection_for_bind(engine, execution_options)
           ^^^^^^^^^^^^^^^^^^^^^^^^^^^^^^^^^^^^^^^^^^^^^^^^^^^^^
  File "<string>", line 2, in _connection_for_bind
  File "/home/jpsantos/Projetos-dev/ibora-mobi/backend/.venv/lib/python3.11/site-packages/sqlalchemy/orm/state_changes.py", line 137, in _go
    ret_value = fn(self, *arg, **kw)
                ^^^^^^^^^^^^^^^^^^^^
  File "/home/jpsantos/Projetos-dev/ibora-mobi/backend/.venv/lib/python3.11/site-packages/sqlalchemy/orm/session.py", line 1187, in _connection_for_bind
    conn = bind.connect()
           ^^^^^^^^^^^^^^
  File "/home/jpsantos/Projetos-dev/ibora-mobi/backend/.venv/lib/python3.11/site-packages/sqlalchemy/engine/base.py", line 3285, in connect
    return self._connection_cls(self)
           ^^^^^^^^^^^^^^^^^^^^^^^^^^
  File "/home/jpsantos/Projetos-dev/ibora-mobi/backend/.venv/lib/python3.11/site-packages/sqlalchemy/engine/base.py", line 143, in __init__
    self._dbapi_connection = engine.raw_connection()
                             ^^^^^^^^^^^^^^^^^^^^^^^
  File "/home/jpsantos/Projetos-dev/ibora-mobi/backend/.venv/lib/python3.11/site-packages/sqlalchemy/engine/base.py", line 3309, in raw_connection
    return self.pool.connect()
           ^^^^^^^^^^^^^^^^^^^
  File "/home/jpsantos/Projetos-dev/ibora-mobi/backend/.venv/lib/python3.11/site-packages/sqlalchemy/pool/base.py", line 447, in connect
    return _ConnectionFairy._checkout(self)
           ^^^^^^^^^^^^^^^^^^^^^^^^^^^^^^^^
  File "/home/jpsantos/Projetos-dev/ibora-mobi/backend/.venv/lib/python3.11/site-packages/sqlalchemy/pool/base.py", line 1264, in _checkout
    fairy = _ConnectionRecord.checkout(pool)
            ^^^^^^^^^^^^^^^^^^^^^^^^^^^^^^^^
  File "/home/jpsantos/Projetos-dev/ibora-mobi/backend/.venv/lib/python3.11/site-packages/sqlalchemy/pool/base.py", line 711, in checkout
    rec = pool._do_get()
          ^^^^^^^^^^^^^^
  File "/home/jpsantos/Projetos-dev/ibora-mobi/backend/.venv/lib/python3.11/site-packages/sqlalchemy/pool/impl.py", line 177, in _do_get
    with util.safe_reraise():
  File "/home/jpsantos/Projetos-dev/ibora-mobi/backend/.venv/lib/python3.11/site-packages/sqlalchemy/util/langhelpers.py", line 224, in __exit__
    raise exc_value.with_traceback(exc_tb)
  File "/home/jpsantos/Projetos-dev/ibora-mobi/backend/.venv/lib/python3.11/site-packages/sqlalchemy/pool/impl.py", line 175, in _do_get
    return self._create_connection()
           ^^^^^^^^^^^^^^^^^^^^^^^^^
  File "/home/jpsantos/Projetos-dev/ibora-mobi/backend/.venv/lib/python3.11/site-packages/sqlalchemy/pool/base.py", line 388, in _create_connection
    return _ConnectionRecord(self)
           ^^^^^^^^^^^^^^^^^^^^^^^
  File "/home/jpsantos/Projetos-dev/ibora-mobi/backend/.venv/lib/python3.11/site-packages/sqlalchemy/pool/base.py", line 673, in __init__
    self.__connect()
  File "/home/jpsantos/Projetos-dev/ibora-mobi/backend/.venv/lib/python3.11/site-packages/sqlalchemy/pool/base.py", line 899, in __connect
    with util.safe_reraise():
  File "/home/jpsantos/Projetos-dev/ibora-mobi/backend/.venv/lib/python3.11/site-packages/sqlalchemy/util/langhelpers.py", line 224, in __exit__
    raise exc_value.with_traceback(exc_tb)
  File "/home/jpsantos/Projetos-dev/ibora-mobi/backend/.venv/lib/python3.11/site-packages/sqlalchemy/pool/base.py", line 895, in __connect
    self.dbapi_connection = connection = pool._invoke_creator(self)
                                         ^^^^^^^^^^^^^^^^^^^^^^^^^^
  File "/home/jpsantos/Projetos-dev/ibora-mobi/backend/.venv/lib/python3.11/site-packages/sqlalchemy/engine/create.py", line 661, in connect
    return dialect.connect(*cargs, **cparams)
           ^^^^^^^^^^^^^^^^^^^^^^^^^^^^^^^^^^
  File "/home/jpsantos/Projetos-dev/ibora-mobi/backend/.venv/lib/python3.11/site-packages/sqlalchemy/engine/default.py", line 630, in connect
    return self.loaded_dbapi.connect(*cargs, **cparams)  # type: ignore[no-any-return]  # NOQA: E501
           ^^^^^^^^^^^^^^^^^^^^^^^^^^^^^^^^^^^^^^^^^^^^
  File "/home/jpsantos/Projetos-dev/ibora-mobi/backend/.venv/lib/python3.11/site-packages/sqlalchemy/dialects/postgresql/asyncpg.py", line 955, in connect
    await_only(creator_fn(*arg, **kw)),
    ^^^^^^^^^^^^^^^^^^^^^^^^^^^^^^^^^^
  File "/home/jpsantos/Projetos-dev/ibora-mobi/backend/.venv/lib/python3.11/site-packages/sqlalchemy/util/_concurrency_py3k.py", line 132, in await_only
    return current.parent.switch(awaitable)  # type: ignore[no-any-return,attr-defined] # noqa: E501
           ^^^^^^^^^^^^^^^^^^^^^^^^^^^^^^^^
  File "/home/jpsantos/Projetos-dev/ibora-mobi/backend/.venv/lib/python3.11/site-packages/sqlalchemy/util/_concurrency_py3k.py", line 196, in greenlet_spawn
    value = await result
            ^^^^^^^^^^^^
  File "/home/jpsantos/Projetos-dev/ibora-mobi/backend/.venv/lib/python3.11/site-packages/asyncpg/connection.py", line 2329, in connect
    return await connect_utils._connect(
           ^^^^^^^^^^^^^^^^^^^^^^^^^^^^^
  File "/home/jpsantos/Projetos-dev/ibora-mobi/backend/.venv/lib/python3.11/site-packages/asyncpg/connect_utils.py", line 991, in _connect
    conn = await _connect_addr(
           ^^^^^^^^^^^^^^^^^^^^
  File "/home/jpsantos/Projetos-dev/ibora-mobi/backend/.venv/lib/python3.11/site-packages/asyncpg/connect_utils.py", line 828, in _connect_addr
    return await __connect_addr(params, True, *args)
           ^^^^^^^^^^^^^^^^^^^^^^^^^^^^^^^^^^^^^^^^^
  File "/home/jpsantos/Projetos-dev/ibora-mobi/backend/.venv/lib/python3.11/site-packages/asyncpg/connect_utils.py", line 876, in __connect_addr
    await connected
asyncpg.exceptions.InvalidPasswordError: password authentication failed for user "ibora"
